<?xml version="1.0" encoding="UTF-8"?>
<testsuite name="com.bl.MoodAnalyserTest" tests="1" skipped="0" failures="0" errors="0" timestamp="2021-09-17T00:27:57" hostname="LAPTOP-GDO34K0C" time="0.068">
  <properties/>
  <testcase name="givenNullMood_ShouldReturnHappy()" classname="com.bl.MoodAnalyserTest" time="0.068"/>
  <system-out><![CDATA[]]></system-out>
  <system-err><![CDATA[]]></system-err>
</testsuite>
